<?xml version="1.0" encoding="UTF-8"?>
<!-- Generated by org.testng.reporters.JUnitXMLReporter -->
<testsuite ignored="0" hostname="Sai" failures="0" tests="4" name="Default test" time="37.202" errors="0" timestamp="23 Feb 2026 02:54:36 GMT">
  <testcase classname="TestCases.viewProfilePageTest" name="verifyNoticePeriod" time="1.572"/>
  <testcase classname="TestCases.viewProfilePageTest" name="verifyResumeUpload" time="5.361"/>
  <testcase classname="TestCases.viewProfilePageTest" name="verifyTitle" time="0.017"/>
  <testcase classname="TestCases.viewProfilePageTest" name="titleName" time="0.018"/>
</testsuite> <!-- Default test -->
