<?xml version="1.0" encoding="UTF-8"?>
<!-- Generated by org.testng.reporters.JUnitXMLReporter -->
<testsuite ignored="3" hostname="Sai" failures="0" tests="1" name="Default test" time="16.761" errors="0" timestamp="04 Apr 2026 14:14:20 GMT">
  <testcase classname="TestCases.viewProfilePageTest" name="verifyResumeUpload" time="5.548"/>
  <testcase classname="TestCases.viewProfilePageTest" name="titleName" time="0.0">
    <ignored/>
  </testcase> <!-- titleName -->
  <testcase classname="TestCases.viewProfilePageTest" name="verifyNoticePeriod" time="0.0">
    <ignored/>
  </testcase> <!-- verifyNoticePeriod -->
  <testcase classname="TestCases.viewProfilePageTest" name="verifyTitle" time="0.0">
    <ignored/>
  </testcase> <!-- verifyTitle -->
</testsuite> <!-- Default test -->
