<?xml version="1.0" encoding="UTF-8"?>
<!-- Generated by org.testng.reporters.JUnitXMLReporter -->
<testsuite ignored="0" hostname="Sai" failures="2" tests="7" name="Test" time="75.885" errors="0" timestamp="08 Oct 2025 11:29:28 GMT">
  <testcase classname="TestCases.LoginPageTest" name="loginTest" time="0.914"/>
  <testcase classname="TestCases.HomePageTest" name="verifyNaukriImgTest" time="0.025"/>
  <testcase classname="TestCases.viewProfilePageTest" name="verifyNoticePeriod" time="1.442"/>
  <testcase classname="TestCases.LoginPageTest" name="loginInvalidTest" time="0.988">
    <failure type="java.lang.AssertionError" message="expected [Invalid details. Please check the Email ID - Password combination.] but found [Error Message]">
      <![CDATA[java.lang.AssertionError: expected [Invalid details. Please check the Email ID - Password combination.] but found [Error Message]
at TestCases.LoginPageTest.loginInvalidTest(LoginPageTest.java:44)
... Removed 29 stack frames]]>
    </failure>
  </testcase> <!-- loginInvalidTest -->
  <testcase classname="TestCases.HomePageTest" name="navigateToViewProfile" time="3.644"/>
  <testcase classname="TestCases.viewProfilePageTest" name="verifyResumeUpload" time="6.397"/>
  <testcase classname="TestCases.viewProfilePageTest" name="verifyTitle" time="0.025">
    <failure type="java.lang.AssertionError" message="expected [XYZ] but found [Mynaukri]">
      <![CDATA[java.lang.AssertionError: expected [XYZ] but found [Mynaukri]
at TestCases.viewProfilePageTest.verifyTitle(viewProfilePageTest.java:52)
... Removed 29 stack frames]]>
    </failure>
  </testcase> <!-- verifyTitle -->
</testsuite> <!-- Test -->
