<?xml version="1.0" encoding="UTF-8"?>
<!-- Generated by org.testng.reporters.JUnitXMLReporter -->
<testsuite ignored="3" hostname="Sai" failures="2" tests="2" name="Test(failed)" time="22.365" errors="0" timestamp="08 Oct 2025 11:32:54 GMT">
  <testcase classname="TestCases.LoginPageTest" name="loginInvalidTest" time="3.557">
    <failure type="java.lang.AssertionError" message="expected [Invalid details. Please check the Email ID - Password combination.] but found [Error Message]">
      <![CDATA[java.lang.AssertionError: expected [Invalid details. Please check the Email ID - Password combination.] but found [Error Message]
at TestCases.LoginPageTest.loginInvalidTest(LoginPageTest.java:44)
... Removed 29 stack frames]]>
    </failure>
  </testcase> <!-- loginInvalidTest -->
  <testcase classname="TestCases.viewProfilePageTest" name="verifyTitle" time="0.017">
    <failure type="java.lang.AssertionError" message="expected [XYZ] but found [Profile | Mynaukri]">
      <![CDATA[java.lang.AssertionError: expected [XYZ] but found [Profile | Mynaukri]
at TestCases.viewProfilePageTest.verifyTitle(viewProfilePageTest.java:52)
... Removed 29 stack frames]]>
    </failure>
  </testcase> <!-- verifyTitle -->
  <testcase classname="TestCases.viewProfilePageTest" name="verifyNoticePeriod" time="0.0">
    <ignored/>
  </testcase> <!-- verifyNoticePeriod -->
  <testcase classname="TestCases.LoginPageTest" name="loginTest" time="0.0">
    <ignored/>
  </testcase> <!-- loginTest -->
  <testcase classname="TestCases.viewProfilePageTest" name="verifyResumeUpload" time="0.0">
    <ignored/>
  </testcase> <!-- verifyResumeUpload -->
</testsuite> <!-- Test(failed) -->
