<?xml version="1.0" encoding="UTF-8"?>
<testng-results ignored="3" total="4" passed="1" failed="0" skipped="0">
  <reporter-output>
  </reporter-output>
  <suite started-at="2026-04-04T14:14:04Z" name="Default suite" finished-at="2026-04-04T14:14:20Z" duration-ms="16761">
    <groups>
    </groups>
    <test started-at="2026-04-04T14:14:04Z" name="Default test" finished-at="2026-04-04T14:14:20Z" duration-ms="16761">
      <class name="TestCases.viewProfilePageTest">
        <test-method is-config="true" signature="setup()[pri:0, instance:TestCases.viewProfilePageTest@6f10d5b6]" started-at="2026-04-04T14:14:04Z" name="setup" finished-at="2026-04-04T14:14:14Z" duration-ms="10757" status="PASS">
          <reporter-output>
          </reporter-output>
        </test-method> <!-- setup -->
        <test-method signature="verifyResumeUpload()[pri:2, instance:TestCases.viewProfilePageTest@6f10d5b6]" started-at="2026-04-04T14:14:14Z" name="verifyResumeUpload" finished-at="2026-04-04T14:14:20Z" duration-ms="5548" status="PASS">
          <reporter-output>
          </reporter-output>
        </test-method> <!-- verifyResumeUpload -->
        <test-method is-config="true" signature="tearDown()[pri:0, instance:TestCases.viewProfilePageTest@6f10d5b6]" started-at="2026-04-04T14:14:20Z" name="tearDown" finished-at="2026-04-04T14:14:20Z" duration-ms="422" status="PASS">
          <reporter-output>
          </reporter-output>
        </test-method> <!-- tearDown -->
      </class> <!-- TestCases.viewProfilePageTest -->
    </test> <!-- Default test -->
  </suite> <!-- Default suite -->
</testng-results>
