<?xml version="1.0" encoding="UTF-8"?>
<!-- Generated by org.testng.reporters.JUnitReportReporter -->
<testsuite hostname="Sai" failures="0" tests="4" name="TestCases.viewProfilePageTest" time="37.171" errors="0" timestamp="23 Feb 2026 02:54:36 GMT" skipped="0">
  <testcase classname="TestCases.viewProfilePageTest" name="verifyNoticePeriod" time="9.724"/>
  <testcase classname="TestCases.viewProfilePageTest" name="verifyResumeUpload" time="12.826"/>
  <testcase classname="TestCases.viewProfilePageTest" name="verifyTitle" time="7.600"/>
  <testcase classname="TestCases.viewProfilePageTest" name="titleName" time="7.021"/>
</testsuite> <!-- TestCases.viewProfilePageTest -->
